[36m08-20 15:43:19.778 [DUMP] [ 123123132131, 456 ][39m[90m (workspace/log/index.js:162:8)[39m
[36m08-20 15:43:21.262 [DUMP] [ 123123132131, 456 ][39m[90m (workspace/log/index.js:162:8)[39m
[36m08-20 15:43:22.059 [DUMP] [ 123123132131, 456 ][39m[90m (workspace/log/index.js:162:8)[39m
[36m08-20 15:43:22.787 [DUMP] [ 123123132131, 456 ][39m[90m (workspace/log/index.js:162:8)[39m
[36m08-20 15:47:02.327 [DUMP] [ 123123132131, 456 ][39m[90m (workspace/log/index.js:165:8)[39m
[36m08-20 15:47:03.327 [DUMP] [ 123123132131, 456 ][39m[90m (workspace/log/index.js:165:8)[39m
[36m08-20 15:47:04.034 [DUMP] [ 123123132131, 456 ][39m[90m (workspace/log/index.js:165:8)[39m
[36m08-20 15:47:04.667 [DUMP] [ 123123132131, 456 ][39m[90m (workspace/log/index.js:165:8)[39m
[36m08-20 15:48:50.376 [DUMP] [ 123123132131, 456 ][39m[90m (workspace/log/index.js:165:8)[39m
[31m08-20 15:48:50.381 [ERROR] Error: 
                              at Object.<anonymous> (/Users/xavier/workspace/log/index.js:166:14)
                              at Module._compile (internal/modules/cjs/loader.js:778:30)
                              at Object.Module._extensions..js (internal/modules/cjs/loader.js:789:10)
                              at Module.load (internal/modules/cjs/loader.js:653:32)
                              at tryModuleLoad (internal/modules/cjs/loader.js:593:12)
                              at Function.Module._load (internal/modules/cjs/loader.js:585:3)
                              at Function.Module.runMain (internal/modules/cjs/loader.js:831:12)
                              at startup (internal/bootstrap/node.js:283:19)
                              at bootstrapNodeJSCore (internal/bootstrap/node.js:623:3), Error: 
                              at Object.<anonymous> (/Users/xavier/workspace/log/index.js:166:26)
                              at Module._compile (internal/modules/cjs/loader.js:778:30)
                              at Object.Module._extensions..js (internal/modules/cjs/loader.js:789:10)
                              at Module.load (internal/modules/cjs/loader.js:653:32)
                              at tryModuleLoad (internal/modules/cjs/loader.js:593:12)
                              at Function.Module._load (internal/modules/cjs/loader.js:585:3)
                              at Function.Module.runMain (internal/modules/cjs/loader.js:831:12)
                              at startup (internal/bootstrap/node.js:283:19)
                              at bootstrapNodeJSCore (internal/bootstrap/node.js:623:3)[39m[90m (workspace/log/index.js:166:8)[39m
[36m08-20 15:49:01.753 [DUMP] [ 123123132131, 456 ][39m[90m (workspace/log/index.js:165:8)[39m
[31m08-20 15:49:01.760 [ERROR] Error: 
                              at Object.<anonymous> (/Users/xavier/workspace/log/index.js:166:14)
                              at Module._compile (internal/modules/cjs/loader.js:778:30)
                              at Object.Module._extensions..js (internal/modules/cjs/loader.js:789:10)
                              at Module.load (internal/modules/cjs/loader.js:653:32)
                              at tryModuleLoad (internal/modules/cjs/loader.js:593:12)
                              at Function.Module._load (internal/modules/cjs/loader.js:585:3)
                              at Function.Module.runMain (internal/modules/cjs/loader.js:831:12)
                              at startup (internal/bootstrap/node.js:283:19)
                              at bootstrapNodeJSCore (internal/bootstrap/node.js:623:3), Error: 
                              at Object.<anonymous> (/Users/xavier/workspace/log/index.js:166:26)
                              at Module._compile (internal/modules/cjs/loader.js:778:30)
                              at Object.Module._extensions..js (internal/modules/cjs/loader.js:789:10)
                              at Module.load (internal/modules/cjs/loader.js:653:32)
                              at tryModuleLoad (internal/modules/cjs/loader.js:593:12)
                              at Function.Module._load (internal/modules/cjs/loader.js:585:3)
                              at Function.Module.runMain (internal/modules/cjs/loader.js:831:12)
                              at startup (internal/bootstrap/node.js:283:19)
                              at bootstrapNodeJSCore (internal/bootstrap/node.js:623:3)[39m[90m (workspace/log/index.js:166:8)[39m
[36m08-20 15:49:15.549 [DUMP] [ 123123132131, 456 ][39m[90m (workspace/log/index.js:165:8)[39m
[31m08-20 15:49:15.553 [ERROR] Error: 
                              at Object.<anonymous> (/Users/xavier/workspace/log/index.js:166:14)
                              at Module._compile (internal/modules/cjs/loader.js:778:30)
                              at Object.Module._extensions..js (internal/modules/cjs/loader.js:789:10)
                              at Module.load (internal/modules/cjs/loader.js:653:32)
                              at tryModuleLoad (internal/modules/cjs/loader.js:593:12)
                              at Function.Module._load (internal/modules/cjs/loader.js:585:3)
                              at Function.Module.runMain (internal/modules/cjs/loader.js:831:12)
                              at startup (internal/bootstrap/node.js:283:19)
                              at bootstrapNodeJSCore (internal/bootstrap/node.js:623:3), Error: 
                              at Object.<anonymous> (/Users/xavier/workspace/log/index.js:166:26)
                              at Module._compile (internal/modules/cjs/loader.js:778:30)
                              at Object.Module._extensions..js (internal/modules/cjs/loader.js:789:10)
                              at Module.load (internal/modules/cjs/loader.js:653:32)
                              at tryModuleLoad (internal/modules/cjs/loader.js:593:12)
                              at Function.Module._load (internal/modules/cjs/loader.js:585:3)
                              at Function.Module.runMain (internal/modules/cjs/loader.js:831:12)
                              at startup (internal/bootstrap/node.js:283:19)
                              at bootstrapNodeJSCore (internal/bootstrap/node.js:623:3)[39m[90m (workspace/log/index.js:166:8)[39m
[36m08-20 15:49:16.515 [DUMP] [ 123123132131, 456 ][39m[90m (workspace/log/index.js:165:8)[39m
[31m08-20 15:49:16.519 [ERROR] Error: 
                              at Object.<anonymous> (/Users/xavier/workspace/log/index.js:166:14)
                              at Module._compile (internal/modules/cjs/loader.js:778:30)
                              at Object.Module._extensions..js (internal/modules/cjs/loader.js:789:10)
                              at Module.load (internal/modules/cjs/loader.js:653:32)
                              at tryModuleLoad (internal/modules/cjs/loader.js:593:12)
                              at Function.Module._load (internal/modules/cjs/loader.js:585:3)
                              at Function.Module.runMain (internal/modules/cjs/loader.js:831:12)
                              at startup (internal/bootstrap/node.js:283:19)
                              at bootstrapNodeJSCore (internal/bootstrap/node.js:623:3), Error: 
                              at Object.<anonymous> (/Users/xavier/workspace/log/index.js:166:26)
                              at Module._compile (internal/modules/cjs/loader.js:778:30)
                              at Object.Module._extensions..js (internal/modules/cjs/loader.js:789:10)
                              at Module.load (internal/modules/cjs/loader.js:653:32)
                              at tryModuleLoad (internal/modules/cjs/loader.js:593:12)
                              at Function.Module._load (internal/modules/cjs/loader.js:585:3)
                              at Function.Module.runMain (internal/modules/cjs/loader.js:831:12)
                              at startup (internal/bootstrap/node.js:283:19)
                              at bootstrapNodeJSCore (internal/bootstrap/node.js:623:3)[39m[90m (workspace/log/index.js:166:8)[39m
[36m08-20 15:49:17.440 [DUMP] [ 123123132131, 456 ][39m[90m (workspace/log/index.js:165:8)[39m
[31m08-20 15:49:17.445 [ERROR] Error: 
                              at Object.<anonymous> (/Users/xavier/workspace/log/index.js:166:14)
                              at Module._compile (internal/modules/cjs/loader.js:778:30)
                              at Object.Module._extensions..js (internal/modules/cjs/loader.js:789:10)
                              at Module.load (internal/modules/cjs/loader.js:653:32)
                              at tryModuleLoad (internal/modules/cjs/loader.js:593:12)
                              at Function.Module._load (internal/modules/cjs/loader.js:585:3)
                              at Function.Module.runMain (internal/modules/cjs/loader.js:831:12)
                              at startup (internal/bootstrap/node.js:283:19)
                              at bootstrapNodeJSCore (internal/bootstrap/node.js:623:3), Error: 
                              at Object.<anonymous> (/Users/xavier/workspace/log/index.js:166:26)
                              at Module._compile (internal/modules/cjs/loader.js:778:30)
                              at Object.Module._extensions..js (internal/modules/cjs/loader.js:789:10)
                              at Module.load (internal/modules/cjs/loader.js:653:32)
                              at tryModuleLoad (internal/modules/cjs/loader.js:593:12)
                              at Function.Module._load (internal/modules/cjs/loader.js:585:3)
                              at Function.Module.runMain (internal/modules/cjs/loader.js:831:12)
                              at startup (internal/bootstrap/node.js:283:19)
                              at bootstrapNodeJSCore (internal/bootstrap/node.js:623:3)[39m[90m (workspace/log/index.js:166:8)[39m
[36m08-20 15:49:20.188 [DUMP] [ 123123132131, 456 ][39m[90m (workspace/log/index.js:165:8)[39m
[31m08-20 15:49:20.193 [ERROR] Error: 
                              at Object.<anonymous> (/Users/xavier/workspace/log/index.js:166:14)
                              at Module._compile (internal/modules/cjs/loader.js:778:30)
                              at Object.Module._extensions..js (internal/modules/cjs/loader.js:789:10)
                              at Module.load (internal/modules/cjs/loader.js:653:32)
                              at tryModuleLoad (internal/modules/cjs/loader.js:593:12)
                              at Function.Module._load (internal/modules/cjs/loader.js:585:3)
                              at Function.Module.runMain (internal/modules/cjs/loader.js:831:12)
                              at startup (internal/bootstrap/node.js:283:19)
                              at bootstrapNodeJSCore (internal/bootstrap/node.js:623:3), Error: 
                              at Object.<anonymous> (/Users/xavier/workspace/log/index.js:166:26)
                              at Module._compile (internal/modules/cjs/loader.js:778:30)
                              at Object.Module._extensions..js (internal/modules/cjs/loader.js:789:10)
                              at Module.load (internal/modules/cjs/loader.js:653:32)
                              at tryModuleLoad (internal/modules/cjs/loader.js:593:12)
                              at Function.Module._load (internal/modules/cjs/loader.js:585:3)
                              at Function.Module.runMain (internal/modules/cjs/loader.js:831:12)
                              at startup (internal/bootstrap/node.js:283:19)
                              at bootstrapNodeJSCore (internal/bootstrap/node.js:623:3)[39m[90m (workspace/log/index.js:166:8)[39m
[36m08-20 15:50:14.157 [DUMP] [ 123123132131, 456 ][39m[90m (workspace/log/index.js:165:8)[39m
[31m08-20 15:50:14.162 [ERROR] Error: 
                              at Object.<anonymous> (/Users/xavier/workspace/log/index.js:166:14)
                              at Module._compile (internal/modules/cjs/loader.js:778:30)
                              at Object.Module._extensions..js (internal/modules/cjs/loader.js:789:10)
                              at Module.load (internal/modules/cjs/loader.js:653:32)
                              at tryModuleLoad (internal/modules/cjs/loader.js:593:12)
                              at Function.Module._load (internal/modules/cjs/loader.js:585:3)
                              at Function.Module.runMain (internal/modules/cjs/loader.js:831:12)
                              at startup (internal/bootstrap/node.js:283:19)
                              at bootstrapNodeJSCore (internal/bootstrap/node.js:623:3)[39m[90m (workspace/log/index.js:166:8)[39m
[37m08-20 15:50:14.163 [INFO] test[39m[90m (workspace/log/index.js:167:8)[39m
[36m08-20 15:50:15.812 [DUMP] [ 123123132131, 456 ][39m[90m (workspace/log/index.js:165:8)[39m
[31m08-20 15:50:15.816 [ERROR] Error: 
                              at Object.<anonymous> (/Users/xavier/workspace/log/index.js:166:14)
                              at Module._compile (internal/modules/cjs/loader.js:778:30)
                              at Object.Module._extensions..js (internal/modules/cjs/loader.js:789:10)
                              at Module.load (internal/modules/cjs/loader.js:653:32)
                              at tryModuleLoad (internal/modules/cjs/loader.js:593:12)
                              at Function.Module._load (internal/modules/cjs/loader.js:585:3)
                              at Function.Module.runMain (internal/modules/cjs/loader.js:831:12)
                              at startup (internal/bootstrap/node.js:283:19)
                              at bootstrapNodeJSCore (internal/bootstrap/node.js:623:3)[39m[90m (workspace/log/index.js:166:8)[39m
[37m08-20 15:50:15.817 [INFO] test[39m[90m (workspace/log/index.js:167:8)[39m
[36m08-20 15:50:17.050 [DUMP] [ 123123132131, 456 ][39m[90m (workspace/log/index.js:165:8)[39m
[31m08-20 15:50:17.055 [ERROR] Error: 
                              at Object.<anonymous> (/Users/xavier/workspace/log/index.js:166:14)
                              at Module._compile (internal/modules/cjs/loader.js:778:30)
                              at Object.Module._extensions..js (internal/modules/cjs/loader.js:789:10)
                              at Module.load (internal/modules/cjs/loader.js:653:32)
                              at tryModuleLoad (internal/modules/cjs/loader.js:593:12)
                              at Function.Module._load (internal/modules/cjs/loader.js:585:3)
                              at Function.Module.runMain (internal/modules/cjs/loader.js:831:12)
                              at startup (internal/bootstrap/node.js:283:19)
                              at bootstrapNodeJSCore (internal/bootstrap/node.js:623:3)[39m[90m (workspace/log/index.js:166:8)[39m
[37m08-20 15:50:17.057 [INFO] test[39m[90m (workspace/log/index.js:167:8)[39m
[36m08-20 15:50:17.913 [DUMP] [ 123123132131, 456 ][39m[90m (workspace/log/index.js:165:8)[39m
[31m08-20 15:50:17.917 [ERROR] Error: 
                              at Object.<anonymous> (/Users/xavier/workspace/log/index.js:166:14)
                              at Module._compile (internal/modules/cjs/loader.js:778:30)
                              at Object.Module._extensions..js (internal/modules/cjs/loader.js:789:10)
                              at Module.load (internal/modules/cjs/loader.js:653:32)
                              at tryModuleLoad (internal/modules/cjs/loader.js:593:12)
                              at Function.Module._load (internal/modules/cjs/loader.js:585:3)
                              at Function.Module.runMain (internal/modules/cjs/loader.js:831:12)
                              at startup (internal/bootstrap/node.js:283:19)
                              at bootstrapNodeJSCore (internal/bootstrap/node.js:623:3)[39m[90m (workspace/log/index.js:166:8)[39m
[37m08-20 15:50:17.918 [INFO] test[39m[90m (workspace/log/index.js:167:8)[39m
[36m08-20 15:50:18.585 [DUMP] [ 123123132131, 456 ][39m[90m (workspace/log/index.js:165:8)[39m
[31m08-20 15:50:18.590 [ERROR] Error: 
                              at Object.<anonymous> (/Users/xavier/workspace/log/index.js:166:14)
                              at Module._compile (internal/modules/cjs/loader.js:778:30)
                              at Object.Module._extensions..js (internal/modules/cjs/loader.js:789:10)
                              at Module.load (internal/modules/cjs/loader.js:653:32)
                              at tryModuleLoad (internal/modules/cjs/loader.js:593:12)
                              at Function.Module._load (internal/modules/cjs/loader.js:585:3)
                              at Function.Module.runMain (internal/modules/cjs/loader.js:831:12)
                              at startup (internal/bootstrap/node.js:283:19)
                              at bootstrapNodeJSCore (internal/bootstrap/node.js:623:3)[39m[90m (workspace/log/index.js:166:8)[39m
[37m08-20 15:50:18.591 [INFO] test[39m[90m (workspace/log/index.js:167:8)[39m
[36m08-20 15:50:19.352 [DUMP] [ 123123132131, 456 ][39m[90m (workspace/log/index.js:165:8)[39m
[31m08-20 15:50:19.357 [ERROR] Error: 
                              at Object.<anonymous> (/Users/xavier/workspace/log/index.js:166:14)
                              at Module._compile (internal/modules/cjs/loader.js:778:30)
                              at Object.Module._extensions..js (internal/modules/cjs/loader.js:789:10)
                              at Module.load (internal/modules/cjs/loader.js:653:32)
                              at tryModuleLoad (internal/modules/cjs/loader.js:593:12)
                              at Function.Module._load (internal/modules/cjs/loader.js:585:3)
                              at Function.Module.runMain (internal/modules/cjs/loader.js:831:12)
                              at startup (internal/bootstrap/node.js:283:19)
                              at bootstrapNodeJSCore (internal/bootstrap/node.js:623:3)[39m[90m (workspace/log/index.js:166:8)[39m
[37m08-20 15:50:19.358 [INFO] test[39m[90m (workspace/log/index.js:167:8)[39m
[36m08-20 15:50:20.707 [DUMP] [ 123123132131, 456 ][39m[90m (workspace/log/index.js:165:8)[39m
[31m08-20 15:50:20.711 [ERROR] Error: 
                              at Object.<anonymous> (/Users/xavier/workspace/log/index.js:166:14)
                              at Module._compile (internal/modules/cjs/loader.js:778:30)
                              at Object.Module._extensions..js (internal/modules/cjs/loader.js:789:10)
                              at Module.load (internal/modules/cjs/loader.js:653:32)
                              at tryModuleLoad (internal/modules/cjs/loader.js:593:12)
                              at Function.Module._load (internal/modules/cjs/loader.js:585:3)
                              at Function.Module.runMain (internal/modules/cjs/loader.js:831:12)
                              at startup (internal/bootstrap/node.js:283:19)
                              at bootstrapNodeJSCore (internal/bootstrap/node.js:623:3)[39m[90m (workspace/log/index.js:166:8)[39m
[37m08-20 15:50:20.712 [INFO] test[39m[90m (workspace/log/index.js:167:8)[39m
[36m08-20 15:50:21.375 [DUMP] [ 123123132131, 456 ][39m[90m (workspace/log/index.js:165:8)[39m
[31m08-20 15:50:21.380 [ERROR] Error: 
                              at Object.<anonymous> (/Users/xavier/workspace/log/index.js:166:14)
                              at Module._compile (internal/modules/cjs/loader.js:778:30)
                              at Object.Module._extensions..js (internal/modules/cjs/loader.js:789:10)
                              at Module.load (internal/modules/cjs/loader.js:653:32)
                              at tryModuleLoad (internal/modules/cjs/loader.js:593:12)
                              at Function.Module._load (internal/modules/cjs/loader.js:585:3)
                              at Function.Module.runMain (internal/modules/cjs/loader.js:831:12)
                              at startup (internal/bootstrap/node.js:283:19)
                              at bootstrapNodeJSCore (internal/bootstrap/node.js:623:3)[39m[90m (workspace/log/index.js:166:8)[39m
[37m08-20 15:50:21.381 [INFO] test[39m[90m (workspace/log/index.js:167:8)[39m
[36m08-20 15:50:22.014 [DUMP] [ 123123132131, 456 ][39m[90m (workspace/log/index.js:165:8)[39m
[31m08-20 15:50:22.020 [ERROR] Error: 
                              at Object.<anonymous> (/Users/xavier/workspace/log/index.js:166:14)
                              at Module._compile (internal/modules/cjs/loader.js:778:30)
                              at Object.Module._extensions..js (internal/modules/cjs/loader.js:789:10)
                              at Module.load (internal/modules/cjs/loader.js:653:32)
                              at tryModuleLoad (internal/modules/cjs/loader.js:593:12)
                              at Function.Module._load (internal/modules/cjs/loader.js:585:3)
                              at Function.Module.runMain (internal/modules/cjs/loader.js:831:12)
                              at startup (internal/bootstrap/node.js:283:19)
                              at bootstrapNodeJSCore (internal/bootstrap/node.js:623:3)[39m[90m (workspace/log/index.js:166:8)[39m
[37m08-20 15:50:22.022 [INFO] test[39m[90m (workspace/log/index.js:167:8)[39m
[36m08-20 15:50:23.019 [DUMP] [ 123123132131, 456 ][39m[90m (workspace/log/index.js:165:8)[39m
[31m08-20 15:50:23.023 [ERROR] Error: 
                              at Object.<anonymous> (/Users/xavier/workspace/log/index.js:166:14)
                              at Module._compile (internal/modules/cjs/loader.js:778:30)
                              at Object.Module._extensions..js (internal/modules/cjs/loader.js:789:10)
                              at Module.load (internal/modules/cjs/loader.js:653:32)
                              at tryModuleLoad (internal/modules/cjs/loader.js:593:12)
                              at Function.Module._load (internal/modules/cjs/loader.js:585:3)
                              at Function.Module.runMain (internal/modules/cjs/loader.js:831:12)
                              at startup (internal/bootstrap/node.js:283:19)
                              at bootstrapNodeJSCore (internal/bootstrap/node.js:623:3)[39m[90m (workspace/log/index.js:166:8)[39m
[37m08-20 15:50:23.025 [INFO] test[39m[90m (workspace/log/index.js:167:8)[39m
[36m08-20 15:50:25.439 [DUMP] [ 123123132131, 456 ][39m[90m (workspace/log/index.js:165:8)[39m
[31m08-20 15:50:25.444 [ERROR] Error: 
                              at Object.<anonymous> (/Users/xavier/workspace/log/index.js:166:14)
                              at Module._compile (internal/modules/cjs/loader.js:778:30)
                              at Object.Module._extensions..js (internal/modules/cjs/loader.js:789:10)
                              at Module.load (internal/modules/cjs/loader.js:653:32)
                              at tryModuleLoad (internal/modules/cjs/loader.js:593:12)
                              at Function.Module._load (internal/modules/cjs/loader.js:585:3)
                              at Function.Module.runMain (internal/modules/cjs/loader.js:831:12)
                              at startup (internal/bootstrap/node.js:283:19)
                              at bootstrapNodeJSCore (internal/bootstrap/node.js:623:3)[39m[90m (workspace/log/index.js:166:8)[39m
[37m08-20 15:50:25.445 [INFO] test[39m[90m (workspace/log/index.js:167:8)[39m
[36m08-20 15:50:26.700 [DUMP] [ 123123132131, 456 ][39m[90m (workspace/log/index.js:165:8)[39m
[31m08-20 15:50:26.704 [ERROR] Error: 
                              at Object.<anonymous> (/Users/xavier/workspace/log/index.js:166:14)
                              at Module._compile (internal/modules/cjs/loader.js:778:30)
                              at Object.Module._extensions..js (internal/modules/cjs/loader.js:789:10)
                              at Module.load (internal/modules/cjs/loader.js:653:32)
                              at tryModuleLoad (internal/modules/cjs/loader.js:593:12)
                              at Function.Module._load (internal/modules/cjs/loader.js:585:3)
                              at Function.Module.runMain (internal/modules/cjs/loader.js:831:12)
                              at startup (internal/bootstrap/node.js:283:19)
                              at bootstrapNodeJSCore (internal/bootstrap/node.js:623:3)[39m[90m (workspace/log/index.js:166:8)[39m
[37m08-20 15:50:26.706 [INFO] test[39m[90m (workspace/log/index.js:167:8)[39m
[36m08-20 15:50:53.033 [DUMP] [ 123123132131, 456 ][39m[90m (workspace/log/index.js:165:8)[39m
[31m08-20 15:50:53.039 [ERROR] Error: 
                              at Object.<anonymous> (/Users/xavier/workspace/log/index.js:166:14)
                              at Module._compile (internal/modules/cjs/loader.js:778:30)
                              at Object.Module._extensions..js (internal/modules/cjs/loader.js:789:10)
                              at Module.load (internal/modules/cjs/loader.js:653:32)
                              at tryModuleLoad (internal/modules/cjs/loader.js:593:12)
                              at Function.Module._load (internal/modules/cjs/loader.js:585:3)
                              at Function.Module.runMain (internal/modules/cjs/loader.js:831:12)
                              at startup (internal/bootstrap/node.js:283:19)
                              at bootstrapNodeJSCore (internal/bootstrap/node.js:623:3), Error: 
                              at Object.<anonymous> (/Users/xavier/workspace/log/index.js:166:26)
                              at Module._compile (internal/modules/cjs/loader.js:778:30)
                              at Object.Module._extensions..js (internal/modules/cjs/loader.js:789:10)
                              at Module.load (internal/modules/cjs/loader.js:653:32)
                              at tryModuleLoad (internal/modules/cjs/loader.js:593:12)
                              at Function.Module._load (internal/modules/cjs/loader.js:585:3)
                              at Function.Module.runMain (internal/modules/cjs/loader.js:831:12)
                              at startup (internal/bootstrap/node.js:283:19)
                              at bootstrapNodeJSCore (internal/bootstrap/node.js:623:3)[39m[90m (workspace/log/index.js:166:8)[39m
[37m08-20 15:50:53.040 [INFO] test[39m[90m (workspace/log/index.js:167:8)[39m
[36m08-20 15:53:22.063 [DUMP] [ 123123132131, 456 ][39m[90m (workspace/log/index.js:165:8)[39m
[31m08-20 15:53:22.068 [ERROR] Error: 
                              at Object.<anonymous> (/Users/xavier/workspace/log/index.js:166:14)
                              at Module._compile (internal/modules/cjs/loader.js:778:30)
                              at Object.Module._extensions..js (internal/modules/cjs/loader.js:789:10)
                              at Module.load (internal/modules/cjs/loader.js:653:32)
                              at tryModuleLoad (internal/modules/cjs/loader.js:593:12)
                              at Function.Module._load (internal/modules/cjs/loader.js:585:3)
                              at Function.Module.runMain (internal/modules/cjs/loader.js:831:12)
                              at startup (internal/bootstrap/node.js:283:19)
                              at bootstrapNodeJSCore (internal/bootstrap/node.js:623:3), Error: 
                              at Object.<anonymous> (/Users/xavier/workspace/log/index.js:166:26)
                              at Module._compile (internal/modules/cjs/loader.js:778:30)
                              at Object.Module._extensions..js (internal/modules/cjs/loader.js:789:10)
                              at Module.load (internal/modules/cjs/loader.js:653:32)
                              at tryModuleLoad (internal/modules/cjs/loader.js:593:12)
                              at Function.Module._load (internal/modules/cjs/loader.js:585:3)
                              at Function.Module.runMain (internal/modules/cjs/loader.js:831:12)
                              at startup (internal/bootstrap/node.js:283:19)
                              at bootstrapNodeJSCore (internal/bootstrap/node.js:623:3)[39m[90m (workspace/log/index.js:166:8)[39m
[37m08-20 15:53:22.069 [INFO] test[39m[90m (workspace/log/index.js:167:8)[39m
[36m08-20 15:55:07.320 [DUMP] [ 123123132131, 456 ][39m[90m (workspace/log/index.js:165:8)[39m
[31m08-20 15:55:07.325 [ERROR] new Error() /*
                              at Object.<anonymous> (/Users/xavier/workspace/log/index.js:166:14)
                              at Module._compile (internal/modules/cjs/loader.js:778:30)
                              at Object.Module._extensions..js (internal/modules/cjs/loader.js:789:10)
                              at Module.load (internal/modules/cjs/loader.js:653:32)
                              at tryModuleLoad (internal/modules/cjs/loader.js:593:12)
                              at Function.Module._load (internal/modules/cjs/loader.js:585:3)
                              at Function.Module.runMain (internal/modules/cjs/loader.js:831:12)
                              at startup (internal/bootstrap/node.js:283:19)
                              at bootstrapNodeJSCore (internal/bootstrap/node.js:623:3)
                          */, new Error() /*
                              at Object.<anonymous> (/Users/xavier/workspace/log/index.js:166:26)
                              at Module._compile (internal/modules/cjs/loader.js:778:30)
                              at Object.Module._extensions..js (internal/modules/cjs/loader.js:789:10)
                              at Module.load (internal/modules/cjs/loader.js:653:32)
                              at tryModuleLoad (internal/modules/cjs/loader.js:593:12)
                              at Function.Module._load (internal/modules/cjs/loader.js:585:3)
                              at Function.Module.runMain (internal/modules/cjs/loader.js:831:12)
                              at startup (internal/bootstrap/node.js:283:19)
                              at bootstrapNodeJSCore (internal/bootstrap/node.js:623:3)
                          */[39m[90m (workspace/log/index.js:166:8)[39m
[37m08-20 15:55:07.326 [INFO] test[39m[90m (workspace/log/index.js:167:8)[39m
[36m08-20 15:55:54.009 [DUMP] [ 123123132131, 456 ][39m[90m (workspace/log/index.js:165:8)[39m
[31m08-20 15:55:54.013 [ERROR] 123123, 234[39m[90m (workspace/log/index.js:166:8)[39m
[37m08-20 15:55:54.014 [INFO] test[39m[90m (workspace/log/index.js:167:8)[39m
[36m08-20 15:55:55.539 [DUMP] [ 123123132131, 456 ][39m[90m (workspace/log/index.js:165:8)[39m
[31m08-20 15:55:55.544 [ERROR] 123123, 234[39m[90m (workspace/log/index.js:166:8)[39m
[37m08-20 15:55:55.544 [INFO] test[39m[90m (workspace/log/index.js:167:8)[39m
[36m08-20 15:59:45.752 [DUMP] [ 123123132131, 456 ][39m[90m (workspace/log/index.js:168:8)[39m
[31m08-20 15:59:45.757 [ERROR] 123123, 234[39m[90m (workspace/log/index.js:169:8)[39m
[37m08-20 15:59:45.757 [INFO] test[39m[90m (workspace/log/index.js:170:8)[39m
[36m08-20 16:00:03.534 [DUMP] [ 123123132131, 456 ][39m[90m (workspace/log/index.js:168:8)[39m
[31m08-20 16:00:03.539 [ERROR] 123123, 234[39m[90m (workspace/log/index.js:169:8)[39m
[37m08-20 16:00:03.540 [INFO] test[39m[90m (workspace/log/index.js:170:8)[39m
[36m08-20 16:01:06.731 [DUMP] [ 123123132131, 456 ][39m[90m (workspace/log/index.js:168:8)[39m
[31m08-20 16:01:06.736 [ERROR] 123123, 234[39m[90m (workspace/log/index.js:169:8)[39m
[37m08-20 16:01:06.736 [INFO] "test"[39m[90m (workspace/log/index.js:170:8)[39m
[36m08-20 16:01:31.794 [DUMP] [ 123123132131, 456 ][39m[90m (workspace/log/index.js:168:8)[39m
[31m08-20 16:01:31.800 [ERROR] new Error() /*
                              at Object.<anonymous> (/Users/xavier/workspace/log/index.js:169:14)
                              at Module._compile (internal/modules/cjs/loader.js:778:30)
                              at Object.Module._extensions..js (internal/modules/cjs/loader.js:789:10)
                              at Module.load (internal/modules/cjs/loader.js:653:32)
                              at tryModuleLoad (internal/modules/cjs/loader.js:593:12)
                              at Function.Module._load (internal/modules/cjs/loader.js:585:3)
                              at Function.Module.runMain (internal/modules/cjs/loader.js:831:12)
                              at startup (internal/bootstrap/node.js:283:19)
                              at bootstrapNodeJSCore (internal/bootstrap/node.js:623:3)
                          */, new Error() /*
                              at Object.<anonymous> (/Users/xavier/workspace/log/index.js:169:26)
                              at Module._compile (internal/modules/cjs/loader.js:778:30)
                              at Object.Module._extensions..js (internal/modules/cjs/loader.js:789:10)
                              at Module.load (internal/modules/cjs/loader.js:653:32)
                              at tryModuleLoad (internal/modules/cjs/loader.js:593:12)
                              at Function.Module._load (internal/modules/cjs/loader.js:585:3)
                              at Function.Module.runMain (internal/modules/cjs/loader.js:831:12)
                              at startup (internal/bootstrap/node.js:283:19)
                              at bootstrapNodeJSCore (internal/bootstrap/node.js:623:3)
                          */[39m[90m (workspace/log/index.js:169:8)[39m
[37m08-20 16:01:31.801 [INFO] "test"[39m[90m (workspace/log/index.js:170:8)[39m
[36m08-20 16:01:43.235 [DUMP] [ 123123132131, 456 ][39m[90m (workspace/log/index.js:168:8)[39m
[31m08-20 16:01:43.241 [ERROR] new Error() /*
                              at Object.<anonymous> (/Users/xavier/workspace/log/index.js:169:14)
                              at Module._compile (internal/modules/cjs/loader.js:778:30)
                              at Object.Module._extensions..js (internal/modules/cjs/loader.js:789:10)
                              at Module.load (internal/modules/cjs/loader.js:653:32)
                              at tryModuleLoad (internal/modules/cjs/loader.js:593:12)
                              at Function.Module._load (internal/modules/cjs/loader.js:585:3)
                              at Function.Module.runMain (internal/modules/cjs/loader.js:831:12)
                              at startup (internal/bootstrap/node.js:283:19)
                              at bootstrapNodeJSCore (internal/bootstrap/node.js:623:3)
                          */, new Error() /*
                              at Object.<anonymous> (/Users/xavier/workspace/log/index.js:169:26)
                              at Module._compile (internal/modules/cjs/loader.js:778:30)
                              at Object.Module._extensions..js (internal/modules/cjs/loader.js:789:10)
                              at Module.load (internal/modules/cjs/loader.js:653:32)
                              at tryModuleLoad (internal/modules/cjs/loader.js:593:12)
                              at Function.Module._load (internal/modules/cjs/loader.js:585:3)
                              at Function.Module.runMain (internal/modules/cjs/loader.js:831:12)
                              at startup (internal/bootstrap/node.js:283:19)
                              at bootstrapNodeJSCore (internal/bootstrap/node.js:623:3)
                          */[39m[90m (workspace/log/index.js:169:8)[39m
[37m08-20 16:01:43.242 [INFO] "test"[39m[90m (workspace/log/index.js:170:8)[39m
